2024-07-30 19:10:55 - URL de la base de données : https://raw.githubusercontent.com/belzanne/steampage-creation-date/main/steam_games.db
2024-07-30 19:10:56 - Base de données téléchargée avec succès : /var/folders/b5/ckj362xj7ng_xqbjrqp077qh0000gn/T/tmp9z11nocx.db
2024-07-30 19:10:56 - Nombre de nouvelles entrées trouvées : 207817
2024-07-30 19:11:12 - Progression: 10/207817 jeux traités. Temps estimé restant: 5534.39 minutes
2024-07-30 19:11:30 - Progression: 20/207817 jeux traités. Temps estimé restant: 5895.78 minutes
2024-07-30 19:11:49 - Progression: 30/207817 jeux traités. Temps estimé restant: 6145.07 minutes
2024-07-30 19:12:09 - Progression: 40/207817 jeux traités. Temps estimé restant: 6287.65 minutes
2024-07-30 19:12:28 - Progression: 50/207817 jeux traités. Temps estimé restant: 6346.10 minutes
2024-07-30 19:12:47 - Progression: 60/207817 jeux traités. Temps estimé restant: 6425.21 minutes
2024-07-30 19:13:06 - Progression: 70/207817 jeux traités. Temps estimé restant: 6441.66 minutes
2024-07-30 19:13:25 - Progression: 80/207817 jeux traités. Temps estimé restant: 6433.23 minutes
2024-07-30 19:13:43 - Progression: 90/207817 jeux traités. Temps estimé restant: 6433.94 minutes
2024-07-30 19:14:03 - Progression: 100/207817 jeux traités. Temps estimé restant: 6469.25 minutes
2024-07-30 19:14:21 - Progression: 110/207817 jeux traités. Temps estimé restant: 6450.92 minutes
2024-07-30 19:14:40 - Progression: 120/207817 jeux traités. Temps estimé restant: 6449.75 minutes
2024-07-30 19:14:58 - Progression: 130/207817 jeux traités. Temps estimé restant: 6453.16 minutes
2024-07-30 19:15:17 - Progression: 140/207817 jeux traités. Temps estimé restant: 6450.25 minutes
2024-07-30 19:15:35 - Progression: 150/207817 jeux traités. Temps estimé restant: 6445.29 minutes
2024-07-30 19:15:56 - Progression: 160/207817 jeux traités. Temps estimé restant: 6480.63 minutes
2024-07-30 19:16:14 - Progression: 170/207817 jeux traités. Temps estimé restant: 6470.39 minutes
2024-07-30 19:16:32 - Progression: 180/207817 jeux traités. Temps estimé restant: 6452.26 minutes
2024-07-30 19:16:51 - Progression: 190/207817 jeux traités. Temps estimé restant: 6465.66 minutes
2024-07-30 19:17:10 - Progression: 200/207817 jeux traités. Temps estimé restant: 6472.79 minutes
2024-07-30 19:17:30 - Progression: 210/207817 jeux traités. Temps estimé restant: 6482.48 minutes
2024-07-30 19:17:49 - Progression: 220/207817 jeux traités. Temps estimé restant: 6491.70 minutes
2024-07-30 19:18:08 - Progression: 230/207817 jeux traités. Temps estimé restant: 6497.68 minutes
2024-07-30 19:18:26 - Progression: 240/207817 jeux traités. Temps estimé restant: 6490.64 minutes
2024-07-30 19:18:46 - Progression: 250/207817 jeux traités. Temps estimé restant: 6497.38 minutes
2024-07-30 19:19:04 - Progression: 260/207817 jeux traités. Temps estimé restant: 6489.34 minutes
2024-07-30 19:19:23 - Progression: 270/207817 jeux traités. Temps estimé restant: 6494.40 minutes
2024-07-30 19:19:43 - Progression: 280/207817 jeux traités. Temps estimé restant: 6507.02 minutes
2024-07-30 19:20:00 - Progression: 290/207817 jeux traités. Temps estimé restant: 6491.34 minutes
2024-07-30 19:20:19 - Progression: 300/207817 jeux traités. Temps estimé restant: 6492.88 minutes
2024-07-30 19:20:38 - Progression: 310/207817 jeux traités. Temps estimé restant: 6496.92 minutes
2024-07-30 19:20:57 - Progression: 320/207817 jeux traités. Temps estimé restant: 6496.66 minutes
2024-07-30 19:21:16 - Progression: 330/207817 jeux traités. Temps estimé restant: 6494.78 minutes
2024-07-30 19:21:34 - Progression: 340/207817 jeux traités. Temps estimé restant: 6488.26 minutes
2024-07-30 19:21:52 - Progression: 350/207817 jeux traités. Temps estimé restant: 6481.77 minutes
2024-07-30 19:22:11 - Progression: 360/207817 jeux traités. Temps estimé restant: 6485.54 minutes
2024-07-30 19:22:29 - Progression: 370/207817 jeux traités. Temps estimé restant: 6470.77 minutes
2024-07-30 19:22:47 - Progression: 380/207817 jeux traités. Temps estimé restant: 6463.82 minutes
2024-07-30 19:23:05 - Progression: 390/207817 jeux traités. Temps estimé restant: 6458.53 minutes
2024-07-30 19:23:23 - Progression: 400/207817 jeux traités. Temps estimé restant: 6459.19 minutes
2024-07-30 19:23:42 - Progression: 410/207817 jeux traités. Temps estimé restant: 6456.83 minutes
2024-07-30 19:24:01 - Progression: 420/207817 jeux traités. Temps estimé restant: 6460.01 minutes
2024-07-30 19:24:21 - Progression: 430/207817 jeux traités. Temps estimé restant: 6466.24 minutes
2024-07-30 19:24:40 - Progression: 440/207817 jeux traités. Temps estimé restant: 6470.13 minutes
2024-07-30 19:24:59 - Progression: 450/207817 jeux traités. Temps estimé restant: 6470.56 minutes
2024-07-30 19:25:17 - Progression: 460/207817 jeux traités. Temps estimé restant: 6464.14 minutes
2024-07-30 19:25:35 - Progression: 470/207817 jeux traités. Temps estimé restant: 6463.92 minutes
2024-07-30 19:25:54 - Progression: 480/207817 jeux traités. Temps estimé restant: 6464.92 minutes
2024-07-30 19:26:14 - Progression: 490/207817 jeux traités. Temps estimé restant: 6470.16 minutes
2024-07-30 19:26:34 - Progression: 500/207817 jeux traités. Temps estimé restant: 6480.35 minutes
2024-07-30 19:26:53 - Progression: 510/207817 jeux traités. Temps estimé restant: 6485.37 minutes
2024-07-30 19:27:13 - Progression: 520/207817 jeux traités. Temps estimé restant: 6490.53 minutes
2024-07-30 19:27:32 - Progression: 530/207817 jeux traités. Temps estimé restant: 6490.19 minutes
2024-07-30 19:27:51 - Progression: 540/207817 jeux traités. Temps estimé restant: 6493.12 minutes
2024-07-30 19:28:11 - Progression: 550/207817 jeux traités. Temps estimé restant: 6501.41 minutes
2024-07-30 19:28:31 - Progression: 560/207817 jeux traités. Temps estimé restant: 6507.17 minutes
2024-07-30 19:28:50 - Progression: 570/207817 jeux traités. Temps estimé restant: 6508.41 minutes
2024-07-30 19:29:09 - Progression: 580/207817 jeux traités. Temps estimé restant: 6510.55 minutes
2024-07-30 19:29:28 - Progression: 590/207817 jeux traités. Temps estimé restant: 6511.43 minutes
2024-07-30 19:29:48 - Progression: 600/207817 jeux traités. Temps estimé restant: 6513.61 minutes
2024-07-30 19:30:07 - Progression: 610/207817 jeux traités. Temps estimé restant: 6518.01 minutes
2024-07-30 19:30:28 - Progression: 620/207817 jeux traités. Temps estimé restant: 6525.72 minutes
2024-07-30 19:30:47 - Progression: 630/207817 jeux traités. Temps estimé restant: 6525.72 minutes
2024-07-30 19:31:05 - Progression: 640/207817 jeux traités. Temps estimé restant: 6524.53 minutes
2024-07-30 19:31:24 - Progression: 650/207817 jeux traités. Temps estimé restant: 6521.15 minutes
2024-07-30 19:31:42 - Progression: 660/207817 jeux traités. Temps estimé restant: 6517.79 minutes
2024-07-30 19:32:00 - Progression: 670/207817 jeux traités. Temps estimé restant: 6514.45 minutes
2024-07-30 19:32:19 - Progression: 680/207817 jeux traités. Temps estimé restant: 6512.43 minutes
2024-07-30 19:32:38 - Progression: 690/207817 jeux traités. Temps estimé restant: 6514.36 minutes
2024-07-30 19:32:57 - Progression: 700/207817 jeux traités. Temps estimé restant: 6515.39 minutes
2024-07-30 19:33:16 - Progression: 710/207817 jeux traités. Temps estimé restant: 6516.20 minutes
2024-07-30 19:33:36 - Progression: 720/207817 jeux traités. Temps estimé restant: 6517.76 minutes
2024-07-30 19:33:55 - Progression: 730/207817 jeux traités. Temps estimé restant: 6521.67 minutes
2024-07-30 19:34:15 - Progression: 740/207817 jeux traités. Temps estimé restant: 6522.76 minutes
2024-07-30 19:34:34 - Progression: 750/207817 jeux traités. Temps estimé restant: 6522.54 minutes
2024-07-30 19:34:52 - Progression: 760/207817 jeux traités. Temps estimé restant: 6521.83 minutes
2024-07-30 19:35:12 - Progression: 770/207817 jeux traités. Temps estimé restant: 6522.68 minutes
2024-07-30 19:35:32 - Progression: 780/207817 jeux traités. Temps estimé restant: 6527.33 minutes
2024-07-30 19:35:50 - Progression: 790/207817 jeux traités. Temps estimé restant: 6522.95 minutes
2024-07-30 19:36:07 - Progression: 800/207817 jeux traités. Temps estimé restant: 6514.80 minutes
2024-07-30 19:36:26 - Progression: 810/207817 jeux traités. Temps estimé restant: 6514.54 minutes
2024-07-30 19:36:44 - Progression: 820/207817 jeux traités. Temps estimé restant: 6512.71 minutes
2024-07-30 19:37:03 - Progression: 830/207817 jeux traités. Temps estimé restant: 6512.48 minutes
2024-07-30 19:37:22 - Progression: 840/207817 jeux traités. Temps estimé restant: 6512.53 minutes
2024-07-30 19:37:41 - Progression: 850/207817 jeux traités. Temps estimé restant: 6513.39 minutes
2024-07-30 19:37:59 - Progression: 860/207817 jeux traités. Temps estimé restant: 6509.64 minutes
2024-07-30 19:38:19 - Progression: 870/207817 jeux traités. Temps estimé restant: 6511.93 minutes
2024-07-30 19:38:38 - Progression: 880/207817 jeux traités. Temps estimé restant: 6511.94 minutes
2024-07-30 19:38:58 - Progression: 890/207817 jeux traités. Temps estimé restant: 6515.62 minutes
2024-07-30 19:39:16 - Progression: 900/207817 jeux traités. Temps estimé restant: 6514.63 minutes
2024-07-30 19:39:35 - Progression: 910/207817 jeux traités. Temps estimé restant: 6513.88 minutes
2024-07-30 19:39:54 - Progression: 920/207817 jeux traités. Temps estimé restant: 6512.09 minutes
2024-07-30 19:40:13 - Progression: 930/207817 jeux traités. Temps estimé restant: 6514.21 minutes
2024-07-30 19:40:30 - Progression: 940/207817 jeux traités. Temps estimé restant: 6508.42 minutes
2024-07-30 19:40:49 - Progression: 950/207817 jeux traités. Temps estimé restant: 6505.06 minutes
2024-07-30 19:41:07 - Progression: 960/207817 jeux traités. Temps estimé restant: 6503.16 minutes
2024-07-30 19:41:27 - Progression: 970/207817 jeux traités. Temps estimé restant: 6507.25 minutes
2024-07-30 19:41:44 - Progression: 980/207817 jeux traités. Temps estimé restant: 6501.65 minutes
2024-07-30 19:42:03 - Progression: 990/207817 jeux traités. Temps estimé restant: 6498.71 minutes
2024-07-30 19:42:21 - Progression: 1000/207817 jeux traités. Temps estimé restant: 6495.87 minutes
2024-07-30 19:42:23 - Erreur lors de la requête pour le jeu 2124470: Expecting value: line 1 column 1 (char 0)
2024-07-30 19:42:39 - Progression: 1010/207817 jeux traités. Temps estimé restant: 6493.02 minutes
2024-07-30 19:42:56 - Progression: 1020/207817 jeux traités. Temps estimé restant: 6488.97 minutes
2024-07-30 19:43:15 - Progression: 1030/207817 jeux traités. Temps estimé restant: 6488.41 minutes
2024-07-30 19:43:34 - Progression: 1040/207817 jeux traités. Temps estimé restant: 6488.72 minutes
2024-07-30 19:43:53 - Progression: 1050/207817 jeux traités. Temps estimé restant: 6486.72 minutes
