2024-07-27 12:43:36 - Une erreur s'est produite lors de l'exécution : not enough values to unpack (expected 6, got 4)
2024-07-27 12:44:59 - Exécution du 2024-07-27 12:44:59: 0 tweets envoyés sur 0 jeux traités.
2024-07-27 11:27:29 - Exécution du 2024-07-27 11:27:29: 8 tweets envoyés sur 43 jeux traités.
2024-07-27 11:27:29 - PAT_GITHUB_USERNAME: belzanne
2024-07-27 11:27:29 - GITHUB_REPO: steampage-creation-date
2024-07-27 11:27:29 - DB_FILE_PATH: steam_games.db
2024-07-27 11:27:29 - Une erreur s'est produite lors de l'exécution : name 'db_url' is not defined
2024-07-27 14:26:03 - Exécution du 2024-07-27 14:26:03: 0 tweets envoyés sur 0 jeux traités.
2024-07-27 14:26:03 - PAT_GITHUB_USERNAME: belzanne
2024-07-27 14:26:03 - GITHUB_REPO: steampage-creation-date
2024-07-27 14:26:03 - DB_FILE_PATH: steam_games.db
2024-07-27 14:26:03 - Une erreur s'est produite lors de l'exécution : name 'db_url' is not defined
2024-07-27 14:29:47 - Exécution du 2024-07-27 14:29:47: 0 tweets envoyés sur 0 jeux traités.
2024-07-27 14:29:47 - PAT_GITHUB_USERNAME: belzanne
2024-07-27 14:29:47 - GITHUB_REPO: steampage-creation-date
2024-07-27 14:29:47 - DB_FILE_PATH: steam_games.db
2024-07-27 14:29:47 - Une erreur s'est produite lors de l'exécution : name 'db_url' is not defined
2024-07-27 14:30:14 - Exécution du 2024-07-27 14:30:14: 0 tweets envoyés sur 0 jeux traités.
2024-07-27 14:30:14 - PAT_GITHUB_USERNAME: belzanne
2024-07-27 14:30:14 - GITHUB_REPO: steampage-creation-date
2024-07-27 14:30:14 - DB_FILE_PATH: steam_games.db
2024-07-27 14:30:14 - Une erreur s'est produite lors de l'exécution : name 'db_url' is not defined
2024-07-27 14:32:46 - Une erreur s'est produite lors de l'exécution : too many values to unpack (expected 6)
2024-07-27 14:34:04 - Exécution du 2024-07-27 14:34:04: 0 tweets envoyés sur 0 jeux traités.
2024-07-27 14:34:04 - PAT_GITHUB_USERNAME: belzanne
2024-07-27 14:34:04 - GITHUB_REPO: steampage-creation-date
2024-07-27 14:34:04 - DB_FILE_PATH: steam_games.db
2024-07-27 14:34:04 - URL complète : https://raw.githubusercontent.com/belzanne/steampage-creation-date/main/steam_games.db
2024-07-27 14:34:04 - Utilisation de l'API Brave Search
2024-07-27 15:05:56 - Exécution du 2024-07-27 15:05:56: 0 tweets envoyés sur 0 jeux traités.
2024-07-27 15:05:56 - PAT_GITHUB_USERNAME: belzanne
2024-07-27 15:05:56 - GITHUB_REPO: steampage-creation-date
2024-07-27 15:05:56 - DB_FILE_PATH: steam_games.db
2024-07-27 15:05:56 - URL complète : https://raw.githubusercontent.com/belzanne/steampage-creation-date/main/steam_games.db
2024-07-27 15:05:56 - Utilisation de l'API Brave Search
2024-07-27 15:13:24 - Exécution du 2024-07-27 15:13:24: 0 tweets envoyés sur 6 jeux traités.
2024-07-27 15:13:24 - PAT_GITHUB_USERNAME: belzanne
2024-07-27 15:13:24 - GITHUB_REPO: steampage-creation-date
2024-07-27 15:13:24 - DB_FILE_PATH: steam_games.db
2024-07-27 15:13:24 - URL complète : https://raw.githubusercontent.com/belzanne/steampage-creation-date/main/steam_games.db
2024-07-27 15:13:24 - Utilisation de l'API Brave Search
2024-07-27 15:19:26 - Exécution du 2024-07-27 15:19:26: 0 tweets envoyés sur 6 jeux traités.
2024-07-27 15:19:26 - PAT_GITHUB_USERNAME: belzanne
2024-07-27 15:19:26 - GITHUB_REPO: steampage-creation-date
2024-07-27 15:19:26 - DB_FILE_PATH: steam_games.db
2024-07-27 15:19:26 - URL complète : https://raw.githubusercontent.com/belzanne/steampage-creation-date/main/steam_games.db
2024-07-27 15:19:26 - Utilisation de l'API Brave Search
2024-07-27 15:22:15 - Exécution du 2024-07-27 15:22:15: 0 tweets envoyés sur 6 jeux traités.
2024-07-27 15:22:15 - PAT_GITHUB_USERNAME: belzanne
2024-07-27 15:22:15 - GITHUB_REPO: steampage-creation-date
2024-07-27 15:22:15 - DB_FILE_PATH: steam_games.db
2024-07-27 15:22:15 - URL complète : https://raw.githubusercontent.com/belzanne/steampage-creation-date/main/steam_games.db
2024-07-27 15:22:15 - Utilisation de l'API Brave Search
2024-07-27 15:24:51 - Exécution du 2024-07-27 15:24:51: 2 tweets envoyés sur 6 jeux traités.
2024-07-27 15:24:51 - PAT_GITHUB_USERNAME: belzanne
2024-07-27 15:24:51 - GITHUB_REPO: steampage-creation-date
2024-07-27 15:24:51 - DB_FILE_PATH: steam_games.db
2024-07-27 15:24:51 - URL complète : https://raw.githubusercontent.com/belzanne/steampage-creation-date/main/steam_games.db
2024-07-27 15:24:51 - Utilisation de l'API Brave Search
2024-07-27 13:31:09 - Une erreur s'est produite lors de l'exécution : cannot unpack non-iterable NoneType object
2024-07-27 13:37:13 - Début de l'exécution de main()
2024-07-27 13:37:13 - URL de la base de données : https://raw.githubusercontent.com/belzanne/steampage-creation-date/main/steam_games.db
2024-07-27 13:37:13 - Dernier timestamp lu : 1722083340
2024-07-27 13:37:13 - Erreur : La clé API Brave n'est pas définie dans les variables d'environnement.
2024-07-27 13:37:13 - La fonction main() a retourné None
2024-07-27 13:39:06 - Début de l'exécution de main()
2024-07-27 13:39:06 - URL de la base de données : https://raw.githubusercontent.com/belzanne/steampage-creation-date/main/steam_games.db
2024-07-27 13:39:06 - Dernier timestamp lu : 1722083340
2024-07-27 13:39:06 - Erreur : La clé API Brave n'est pas définie dans les variables d'environnement.
2024-07-27 13:39:06 - La fonction main() a retourné None
2024-07-27 13:43:04 - Début de l'exécution de main()
2024-07-27 13:43:04 - URL de la base de données : https://raw.githubusercontent.com/belzanne/steampage-creation-date/main/steam_games.db
2024-07-27 13:43:04 - Dernier timestamp lu : 1722083340
2024-07-27 13:43:04 - Base de données téléchargée avec succès : /tmp/tmp0uqfqyef.db
2024-07-27 13:43:04 - Nombre de nouvelles entrées trouvées : 4
2024-07-27 13:43:04 - Traitement du jeu : Steam ID: 2257850, First Seen: 1722086898
2024-07-27 13:43:06 - Traitement du jeu : Steam ID: 3125460, First Seen: 1722086898
2024-07-27 13:43:08 - Traitement du jeu : Steam ID: 3093380, First Seen: 1722086898
2024-07-27 13:43:08 - Le jeu avec Steam ID 3093380 ne répond pas aux critères de tweet ou les détails n'ont pas pu être récupérés.
2024-07-27 13:43:08 - Traitement du jeu : Steam ID: 3029830, First Seen: 1722086898
2024-07-27 13:43:08 - Le jeu avec Steam ID 3029830 ne répond pas aux critères de tweet ou les détails n'ont pas pu être récupérés.
2024-07-27 13:43:08 - Fichier temporaire de la base de données supprimé
2024-07-27 13:43:08 - Échec de la publication du tweet prioritaire pour Strange Case
2024-07-27 13:43:09 - Échec de la publication du tweet prioritaire pour Bakar Game
2024-07-27 13:43:09 - 
Résumé : 0 jeux publiés sur 4 jeux traités au total.
2024-07-27 13:43:09 - Tweets prioritaires : 2
2024-07-27 13:43:09 - Tweets non prioritaires : 0
2024-07-27 13:43:09 - Exécution du 2024-07-27 13:43:09: 0 tweets envoyés sur 4 jeux traités.
2024-07-27 13:43:09 - PAT_GITHUB_USERNAME: belzanne
2024-07-27 13:43:09 - GITHUB_REPO: steampage-creation-date
2024-07-27 13:43:09 - DB_FILE_PATH: steam_games.db
2024-07-27 13:43:09 - URL complète : https://raw.githubusercontent.com/belzanne/steampage-creation-date/main/steam_games.db
2024-07-27 13:43:09 - Utilisation de l'API Brave Search
2024-07-28 06:42:42 - Début de l'exécution de main()
2024-07-28 06:42:42 - URL de la base de données : https://raw.githubusercontent.com/belzanne/steampage-creation-date/main/steam_games.db
2024-07-28 06:42:42 - Dernier timestamp lu : 1722083340
2024-07-28 06:42:43 - Base de données téléchargée avec succès : /tmp/tmpaihxasyy.db
2024-07-28 06:42:43 - Nombre de nouvelles entrées trouvées : 21
2024-07-28 06:42:43 - Traitement du jeu : Steam ID: 2257850, First Seen: 1722086898
2024-07-28 06:42:45 - Traitement du jeu : Steam ID: 3125460, First Seen: 1722086898
2024-07-28 06:42:47 - Traitement du jeu : Steam ID: 3093380, First Seen: 1722086898
2024-07-28 06:42:48 - Le jeu avec Steam ID 3093380 ne répond pas aux critères de tweet ou les détails n'ont pas pu être récupérés.
2024-07-28 06:42:48 - Traitement du jeu : Steam ID: 3029830, First Seen: 1722086898
2024-07-28 06:42:48 - Le jeu avec Steam ID 3029830 ne répond pas aux critères de tweet ou les détails n'ont pas pu être récupérés.
2024-07-28 06:42:48 - Traitement du jeu : Steam ID: 2609440, First Seen: 1722124766
2024-07-28 06:42:48 - Le jeu avec Steam ID 2609440 ne répond pas aux critères de tweet ou les détails n'ont pas pu être récupérés.
2024-07-28 06:42:48 - Traitement du jeu : Steam ID: 2819490, First Seen: 1722124766
2024-07-28 06:42:48 - Le jeu avec Steam ID 2819490 ne répond pas aux critères de tweet ou les détails n'ont pas pu être récupérés.
2024-07-28 06:42:48 - Traitement du jeu : Steam ID: 2986790, First Seen: 1722124766
2024-07-28 06:42:50 - Traitement du jeu : Steam ID: 2787110, First Seen: 1722124766
2024-07-28 06:42:50 - Le jeu avec Steam ID 2787110 ne répond pas aux critères de tweet ou les détails n'ont pas pu être récupérés.
2024-07-28 06:42:50 - Traitement du jeu : Steam ID: 3048040, First Seen: 1722124766
2024-07-28 06:42:53 - Traitement du jeu : Steam ID: 3080680, First Seen: 1722124766
2024-07-28 06:42:53 - Le jeu avec Steam ID 3080680 ne répond pas aux critères de tweet ou les détails n'ont pas pu être récupérés.
2024-07-28 06:42:53 - Traitement du jeu : Steam ID: 3056330, First Seen: 1722124766
2024-07-28 06:42:53 - Le jeu avec Steam ID 3056330 ne répond pas aux critères de tweet ou les détails n'ont pas pu être récupérés.
2024-07-28 06:42:53 - Traitement du jeu : Steam ID: 3093350, First Seen: 1722124766
2024-07-28 06:42:53 - Le jeu avec Steam ID 3093350 ne répond pas aux critères de tweet ou les détails n'ont pas pu être récupérés.
2024-07-28 06:42:53 - Traitement du jeu : Steam ID: 3099770, First Seen: 1722124766
2024-07-28 06:42:54 - Le jeu avec Steam ID 3099770 ne répond pas aux critères de tweet ou les détails n'ont pas pu être récupérés.
2024-07-28 06:42:54 - Traitement du jeu : Steam ID: 3111240, First Seen: 1722124766
2024-07-28 06:42:54 - Le jeu avec Steam ID 3111240 ne répond pas aux critères de tweet ou les détails n'ont pas pu être récupérés.
2024-07-28 06:42:54 - Traitement du jeu : Steam ID: 3117770, First Seen: 1722124766
2024-07-28 06:42:54 - Le jeu avec Steam ID 3117770 ne répond pas aux critères de tweet ou les détails n'ont pas pu être récupérés.
2024-07-28 06:42:54 - Traitement du jeu : Steam ID: 3103550, First Seen: 1722124766
2024-07-28 06:42:54 - Le jeu avec Steam ID 3103550 ne répond pas aux critères de tweet ou les détails n'ont pas pu être récupérés.
2024-07-28 06:42:54 - Traitement du jeu : Steam ID: 3122480, First Seen: 1722124766
2024-07-28 06:42:55 - Le jeu avec Steam ID 3122480 ne répond pas aux critères de tweet ou les détails n'ont pas pu être récupérés.
2024-07-28 06:42:55 - Traitement du jeu : Steam ID: 3120700, First Seen: 1722124766
2024-07-28 06:42:55 - Le jeu avec Steam ID 3120700 ne répond pas aux critères de tweet ou les détails n'ont pas pu être récupérés.
2024-07-28 06:42:55 - Traitement du jeu : Steam ID: 3096730, First Seen: 1722124766
2024-07-28 06:42:56 - Traitement du jeu : Steam ID: 3104540, First Seen: 1722124766
2024-07-28 06:42:57 - Le jeu avec Steam ID 3104540 utilise du contenu généré par IA ou n'a pas pu être scrapé.
2024-07-28 06:42:57 - Traitement du jeu : Steam ID: 2923230, First Seen: 1722124766
2024-07-28 06:42:59 - Fichier temporaire de la base de données supprimé
2024-07-28 06:42:59 - Tweet prioritaire publié pour Strange Case (ID: 1817450664043401685)
2024-07-28 06:42:59 - Échec de la publication du tweet prioritaire pour Bakar Game
2024-07-28 06:43:00 - Tweet prioritaire publié pour Monster Hunting: Incremental Grind Forever (ID: 1817450666266390626)
2024-07-28 06:43:00 - Tweet prioritaire publié pour Crushed (ID: 1817450667902136497)
2024-07-28 06:43:01 - Tweet prioritaire publié pour REM (ID: 1817450669667987640)
2024-07-28 06:43:01 - Échec de la publication du tweet prioritaire pour Rules & Rodents
2024-07-28 06:43:01 - Timestamp mis à jour : 1722124766
2024-07-28 06:43:01 - 
Résumé : 4 jeux publiés sur 21 jeux traités au total.
2024-07-28 06:43:01 - Tweets prioritaires : 6
2024-07-28 06:43:01 - Tweets non prioritaires : 0
2024-07-28 06:43:01 - Exécution du 2024-07-28 06:43:01: 4 tweets envoyés sur 21 jeux traités.
2024-07-28 06:43:01 - PAT_GITHUB_USERNAME: belzanne
2024-07-28 06:43:01 - GITHUB_REPO: steampage-creation-date
2024-07-28 06:43:01 - DB_FILE_PATH: steam_games.db
2024-07-28 06:43:01 - URL complète : https://raw.githubusercontent.com/belzanne/steampage-creation-date/main/steam_games.db
2024-07-28 06:43:01 - Utilisation de l'API Brave Search
